{"C:\\CodeRepos\\gericht-restaurant\\src\\components\\AboutUs\\AboutUs.tsx": {"path":"C:\\CodeRepos\\gericht-restaurant\\src\\components\\AboutUs\\AboutUs.tsx","statementMap":{"0":{"start":{"line":1,"column":0},"end":{"line":1,"column":23}},"1":{"start":{"line":2,"column":0},"end":{"line":2,"column":41}},"2":{"start":{"line":4,"column":16},"end":{"line":48,"column":1}},"3":{"start":{"line":5,"column":2},"end":{"line":47,"column":4}},"4":{"start":{"line":50,"column":0},"end":{"line":50,"column":23}}},"fnMap":{"0":{"name":"(anonymous_2)","decl":{"start":{"line":4,"column":16},"end":{"line":4,"column":null}},"loc":{"start":{"line":4,"column":16},"end":{"line":48,"column":1}}}},"branchMap":{},"s":{"0":1,"1":1,"2":1,"3":7,"4":1},"f":{"0":7},"b":{}}
,"C:\\CodeRepos\\gericht-restaurant\\src\\components\\AwardCard\\AwardCard.tsx": {"path":"C:\\CodeRepos\\gericht-restaurant\\src\\components\\AwardCard\\AwardCard.tsx","statementMap":{"0":{"start":{"line":4,"column":44},"end":{"line":6,"column":null}},"1":{"start":{"line":5,"column":2},"end":{"line":5,"column":11}},"2":{"start":{"line":5,"column":17},"end":{"line":5,"column":19}},"3":{"start":{"line":5,"column":24},"end":{"line":5,"column":26}},"4":{"start":{"line":5,"column":34},"end":{"line":5,"column":36}},"5":{"start":{"line":6,"column":6},"end":{"line":16,"column":2}},"6":{"start":{"line":18,"column":0},"end":{"line":18,"column":25}}},"fnMap":{"0":{"name":"(anonymous_2)","decl":{"start":{"line":4,"column":44},"end":{"line":4,"column":45}},"loc":{"start":{"line":6,"column":1},"end":{"line":6,"column":null}}}},"branchMap":{},"s":{"0":2,"1":24,"2":24,"3":24,"4":24,"5":24,"6":2},"f":{"0":24},"b":{}}
,"C:\\CodeRepos\\gericht-restaurant\\src\\components\\Chef\\Chef.tsx": {"path":"C:\\CodeRepos\\gericht-restaurant\\src\\components\\Chef\\Chef.tsx","statementMap":{"0":{"start":{"line":1,"column":0},"end":{"line":1,"column":50}},"1":{"start":{"line":2,"column":0},"end":{"line":2,"column":41}},"2":{"start":{"line":3,"column":0},"end":{"line":3,"column":20}},"3":{"start":{"line":5,"column":13},"end":{"line":5,"column":null}},"4":{"start":{"line":5,"column":19},"end":{"line":40,"column":2}},"5":{"start":{"line":42,"column":0},"end":{"line":42,"column":20}}},"fnMap":{"0":{"name":"(anonymous_3)","decl":{"start":{"line":5,"column":13},"end":{"line":5,"column":19}},"loc":{"start":{"line":5,"column":13},"end":{"line":5,"column":null}}}},"branchMap":{},"s":{"0":1,"1":1,"2":1,"3":1,"4":7,"5":1},"f":{"0":7},"b":{}}
,"C:\\CodeRepos\\gericht-restaurant\\src\\components\\FindUs\\FindUs.tsx": {"path":"C:\\CodeRepos\\gericht-restaurant\\src\\components\\FindUs\\FindUs.tsx","statementMap":{"0":{"start":{"line":1,"column":0},"end":{"line":1,"column":50}},"1":{"start":{"line":2,"column":0},"end":{"line":2,"column":41}},"2":{"start":{"line":4,"column":15},"end":{"line":4,"column":null}},"3":{"start":{"line":4,"column":21},"end":{"line":41,"column":2}},"4":{"start":{"line":43,"column":0},"end":{"line":43,"column":22}}},"fnMap":{"0":{"name":"(anonymous_3)","decl":{"start":{"line":4,"column":15},"end":{"line":4,"column":21}},"loc":{"start":{"line":4,"column":15},"end":{"line":4,"column":null}}}},"branchMap":{},"s":{"0":1,"1":1,"2":1,"3":4,"4":1},"f":{"0":4},"b":{}}
,"C:\\CodeRepos\\gericht-restaurant\\src\\components\\Footer\\Footer.tsx": {"path":"C:\\CodeRepos\\gericht-restaurant\\src\\components\\Footer\\Footer.tsx","statementMap":{"0":{"start":{"line":1,"column":0},"end":{"line":1,"column":68}},"1":{"start":{"line":2,"column":0},"end":{"line":2,"column":50}},"2":{"start":{"line":3,"column":0},"end":{"line":3,"column":44}},"3":{"start":{"line":4,"column":0},"end":{"line":4,"column":41}},"4":{"start":{"line":5,"column":0},"end":{"line":5,"column":22}},"5":{"start":{"line":7,"column":15},"end":{"line":7,"column":null}},"6":{"start":{"line":7,"column":21},"end":{"line":52,"column":2}},"7":{"start":{"line":54,"column":0},"end":{"line":54,"column":22}}},"fnMap":{"0":{"name":"(anonymous_3)","decl":{"start":{"line":7,"column":15},"end":{"line":7,"column":21}},"loc":{"start":{"line":7,"column":15},"end":{"line":7,"column":null}}}},"branchMap":{},"s":{"0":1,"1":1,"2":1,"3":1,"4":1,"5":1,"6":3,"7":1},"f":{"0":3},"b":{}}
,"C:\\CodeRepos\\gericht-restaurant\\src\\components\\Footer\\FooterOverlay.tsx": {"path":"C:\\CodeRepos\\gericht-restaurant\\src\\components\\Footer\\FooterOverlay.tsx","statementMap":{"0":{"start":{"line":1,"column":0},"end":{"line":1,"column":29}},"1":{"start":{"line":3,"column":22},"end":{"line":3,"column":null}},"2":{"start":{"line":3,"column":28},"end":{"line":14,"column":2}},"3":{"start":{"line":16,"column":0},"end":{"line":16,"column":29}}},"fnMap":{"0":{"name":"(anonymous_2)","decl":{"start":{"line":3,"column":22},"end":{"line":3,"column":28}},"loc":{"start":{"line":3,"column":22},"end":{"line":3,"column":null}}}},"branchMap":{},"s":{"0":2,"1":2,"2":5,"3":2},"f":{"0":5},"b":{}}
,"C:\\CodeRepos\\gericht-restaurant\\src\\components\\Gallery\\Gallery.tsx": {"path":"C:\\CodeRepos\\gericht-restaurant\\src\\components\\Gallery\\Gallery.tsx","statementMap":{"0":{"start":{"line":1,"column":0},"end":{"line":1,"column":26}},"1":{"start":{"line":2,"column":0},"end":{"line":2,"column":null}},"2":{"start":{"line":8,"column":0},"end":{"line":8,"column":50}},"3":{"start":{"line":9,"column":0},"end":{"line":9,"column":41}},"4":{"start":{"line":10,"column":0},"end":{"line":10,"column":23}},"5":{"start":{"line":12,"column":16},"end":{"line":73,"column":1}},"6":{"start":{"line":13,"column":20},"end":{"line":13,"column":54}},"7":{"start":{"line":15,"column":17},"end":{"line":23,"column":3}},"8":{"start":{"line":16,"column":24},"end":{"line":16,"column":34}},"9":{"start":{"line":18,"column":4},"end":{"line":22,"column":null}},"10":{"start":{"line":19,"column":6},"end":{"line":19,"column":32}},"11":{"start":{"line":20,"column":11},"end":{"line":22,"column":null}},"12":{"start":{"line":21,"column":6},"end":{"line":21,"column":32}},"13":{"start":{"line":25,"column":2},"end":{"line":72,"column":4}},"14":{"start":{"line":48,"column":34},"end":{"line":56,"column":12}},"15":{"start":{"line":61,"column":27},"end":{"line":61,"column":null}},"16":{"start":{"line":66,"column":27},"end":{"line":66,"column":null}},"17":{"start":{"line":75,"column":0},"end":{"line":75,"column":23}}},"fnMap":{"0":{"name":"(anonymous_3)","decl":{"start":{"line":12,"column":16},"end":{"line":12,"column":null}},"loc":{"start":{"line":12,"column":16},"end":{"line":73,"column":1}}},"1":{"name":"(anonymous_4)","decl":{"start":{"line":15,"column":17},"end":{"line":15,"column":18}},"loc":{"start":{"line":15,"column":35},"end":{"line":23,"column":3}}},"2":{"name":"(anonymous_5)","decl":{"start":{"line":48,"column":16},"end":{"line":48,"column":17}},"loc":{"start":{"line":48,"column":29},"end":{"line":48,"column":null}}},"3":{"name":"(anonymous_6)","decl":{"start":{"line":61,"column":21},"end":{"line":61,"column":27}},"loc":{"start":{"line":61,"column":21},"end":{"line":61,"column":33}}},"4":{"name":"(anonymous_7)","decl":{"start":{"line":66,"column":21},"end":{"line":66,"column":27}},"loc":{"start":{"line":66,"column":21},"end":{"line":66,"column":33}}}},"branchMap":{"0":{"loc":{"start":{"line":18,"column":4},"end":{"line":22,"column":null}},"type":"if","locations":[{"start":{"line":18,"column":4},"end":{"line":22,"column":null}},{"start":{"line":20,"column":11},"end":{"line":22,"column":null}}]},"1":{"loc":{"start":{"line":18,"column":8},"end":{"line":18,"column":39}},"type":"binary-expr","locations":[{"start":{"line":18,"column":8},"end":{"line":18,"column":28}},{"start":{"line":18,"column":32},"end":{"line":18,"column":39}}]},"2":{"loc":{"start":{"line":20,"column":11},"end":{"line":22,"column":null}},"type":"if","locations":[{"start":{"line":20,"column":11},"end":{"line":22,"column":null}}]}},"s":{"0":1,"1":1,"2":1,"3":1,"4":1,"5":1,"6":6,"7":6,"8":2,"9":2,"10":1,"11":1,"12":1,"13":6,"14":24,"15":1,"16":1,"17":1},"f":{"0":6,"1":2,"2":24,"3":1,"4":1},"b":{"0":[1,1],"1":[2,1],"2":[1]}}
,"C:\\CodeRepos\\gericht-restaurant\\src\\components\\Header\\Header.tsx": {"path":"C:\\CodeRepos\\gericht-restaurant\\src\\components\\Header\\Header.tsx","statementMap":{"0":{"start":{"line":1,"column":0},"end":{"line":1,"column":22}},"1":{"start":{"line":2,"column":0},"end":{"line":2,"column":41}},"2":{"start":{"line":3,"column":0},"end":{"line":3,"column":50}},"3":{"start":{"line":5,"column":15},"end":{"line":28,"column":1}},"4":{"start":{"line":6,"column":2},"end":{"line":27,"column":4}},"5":{"start":{"line":30,"column":0},"end":{"line":30,"column":22}}},"fnMap":{"0":{"name":"(anonymous_3)","decl":{"start":{"line":5,"column":15},"end":{"line":5,"column":null}},"loc":{"start":{"line":5,"column":15},"end":{"line":28,"column":1}}}},"branchMap":{},"s":{"0":1,"1":1,"2":1,"3":1,"4":4,"5":1},"f":{"0":4},"b":{}}
,"C:\\CodeRepos\\gericht-restaurant\\src\\components\\Intro\\Intro.tsx": {"path":"C:\\CodeRepos\\gericht-restaurant\\src\\components\\Intro\\Intro.tsx","statementMap":{"0":{"start":{"line":1,"column":0},"end":{"line":1,"column":41}},"1":{"start":{"line":2,"column":0},"end":{"line":2,"column":61}},"2":{"start":{"line":4,"column":0},"end":{"line":4,"column":39}},"3":{"start":{"line":5,"column":0},"end":{"line":5,"column":21}},"4":{"start":{"line":7,"column":14},"end":{"line":46,"column":1}},"5":{"start":{"line":8,"column":36},"end":{"line":8,"column":51}},"6":{"start":{"line":8,"column":18},"end":{"line":8,"column":20}},"7":{"start":{"line":8,"column":32},"end":{"line":8,"column":36}},"8":{"start":{"line":9,"column":17},"end":{"line":9,"column":54}},"9":{"start":{"line":11,"column":26},"end":{"line":18,"column":3}},"10":{"start":{"line":12,"column":4},"end":{"line":12,"column":29}},"11":{"start":{"line":13,"column":4},"end":{"line":17,"column":null}},"12":{"start":{"line":14,"column":6},"end":{"line":14,"column":29}},"13":{"start":{"line":15,"column":11},"end":{"line":17,"column":null}},"14":{"start":{"line":16,"column":6},"end":{"line":16,"column":28}},"15":{"start":{"line":20,"column":2},"end":{"line":45,"column":4}},"16":{"start":{"line":48,"column":0},"end":{"line":48,"column":21}}},"fnMap":{"0":{"name":"(anonymous_2)","decl":{"start":{"line":7,"column":14},"end":{"line":7,"column":null}},"loc":{"start":{"line":7,"column":14},"end":{"line":46,"column":1}}},"1":{"name":"(anonymous_3)","decl":{"start":{"line":11,"column":26},"end":{"line":11,"column":null}},"loc":{"start":{"line":11,"column":26},"end":{"line":18,"column":3}}}},"branchMap":{"0":{"loc":{"start":{"line":13,"column":4},"end":{"line":17,"column":null}},"type":"if","locations":[{"start":{"line":13,"column":4},"end":{"line":17,"column":null}},{"start":{"line":15,"column":11},"end":{"line":17,"column":null}}]},"1":{"loc":{"start":{"line":13,"column":8},"end":{"line":13,"column":35}},"type":"binary-expr","locations":[{"start":{"line":13,"column":8},"end":{"line":13,"column":17}},{"start":{"line":13,"column":21},"end":{"line":13,"column":35}}]},"2":{"loc":{"start":{"line":15,"column":11},"end":{"line":17,"column":null}},"type":"if","locations":[{"start":{"line":15,"column":11},"end":{"line":17,"column":null}}]},"3":{"loc":{"start":{"line":15,"column":15},"end":{"line":15,"column":43}},"type":"binary-expr","locations":[{"start":{"line":15,"column":15},"end":{"line":15,"column":25}},{"start":{"line":15,"column":29},"end":{"line":15,"column":43}}]},"4":{"loc":{"start":{"line":33,"column":26},"end":{"line":33,"column":53}},"type":"cond-expr","locations":[{"start":{"line":33,"column":38},"end":{"line":33,"column":44}},{"start":{"line":33,"column":47},"end":{"line":33,"column":53}}]},"5":{"loc":{"start":{"line":37,"column":11},"end":{"line":40,"column":null}},"type":"cond-expr","locations":[{"start":{"line":38,"column":12},"end":{"line":38,"column":74}},{"start":{"line":40,"column":12},"end":{"line":40,"column":76}}]}},"s":{"0":1,"1":1,"2":1,"3":1,"4":1,"5":5,"6":5,"7":5,"8":5,"9":5,"10":2,"11":2,"12":1,"13":1,"14":1,"15":5,"16":1},"f":{"0":5,"1":2},"b":{"0":[1,1],"1":[2,1],"2":[1],"3":[1,1],"4":[1,4],"5":[1,4]}}
,"C:\\CodeRepos\\gericht-restaurant\\src\\components\\Laurels\\Laurels.tsx": {"path":"C:\\CodeRepos\\gericht-restaurant\\src\\components\\Laurels\\Laurels.tsx","statementMap":{"0":{"start":{"line":1,"column":0},"end":{"line":1,"column":50}},"1":{"start":{"line":2,"column":0},"end":{"line":2,"column":47}},"2":{"start":{"line":3,"column":0},"end":{"line":3,"column":47}},"3":{"start":{"line":4,"column":0},"end":{"line":4,"column":23}},"4":{"start":{"line":6,"column":16},"end":{"line":6,"column":null}},"5":{"start":{"line":6,"column":22},"end":{"line":23,"column":2}},"6":{"start":{"line":13,"column":36},"end":{"line":15,"column":10}},"7":{"start":{"line":25,"column":0},"end":{"line":25,"column":23}}},"fnMap":{"0":{"name":"(anonymous_3)","decl":{"start":{"line":6,"column":16},"end":{"line":6,"column":22}},"loc":{"start":{"line":6,"column":16},"end":{"line":6,"column":null}}},"1":{"name":"(anonymous_4)","decl":{"start":{"line":13,"column":25},"end":{"line":13,"column":26}},"loc":{"start":{"line":13,"column":31},"end":{"line":13,"column":null}}}},"branchMap":{},"s":{"0":1,"1":1,"2":1,"3":1,"4":1,"5":5,"6":20,"7":1},"f":{"0":5,"1":20},"b":{}}
,"C:\\CodeRepos\\gericht-restaurant\\src\\components\\MenuItem\\MenuItem.tsx": {"path":"C:\\CodeRepos\\gericht-restaurant\\src\\components\\MenuItem\\MenuItem.tsx","statementMap":{"0":{"start":{"line":1,"column":0},"end":{"line":1,"column":24}},"1":{"start":{"line":5,"column":42},"end":{"line":5,"column":null}},"2":{"start":{"line":5,"column":50},"end":{"line":5,"column":52}},"3":{"start":{"line":5,"column":57},"end":{"line":5,"column":59}},"4":{"start":{"line":5,"column":63},"end":{"line":5,"column":65}},"5":{"start":{"line":5,"column":70},"end":{"line":25,"column":2}},"6":{"start":{"line":27,"column":0},"end":{"line":27,"column":24}}},"fnMap":{"0":{"name":"(anonymous_2)","decl":{"start":{"line":5,"column":42},"end":{"line":5,"column":43}},"loc":{"start":{"line":5,"column":65},"end":{"line":5,"column":null}}}},"branchMap":{},"s":{"0":2,"1":2,"2":74,"3":74,"4":74,"5":74,"6":2},"f":{"0":74},"b":{}}
,"C:\\CodeRepos\\gericht-restaurant\\src\\components\\Newsletter\\Newsletter.tsx": {"path":"C:\\CodeRepos\\gericht-restaurant\\src\\components\\Newsletter\\Newsletter.tsx","statementMap":{"0":{"start":{"line":1,"column":0},"end":{"line":1,"column":50}},"1":{"start":{"line":2,"column":0},"end":{"line":2,"column":26}},"2":{"start":{"line":4,"column":19},"end":{"line":4,"column":null}},"3":{"start":{"line":4,"column":25},"end":{"line":18,"column":2}},"4":{"start":{"line":20,"column":0},"end":{"line":20,"column":26}}},"fnMap":{"0":{"name":"(anonymous_3)","decl":{"start":{"line":4,"column":19},"end":{"line":4,"column":25}},"loc":{"start":{"line":4,"column":19},"end":{"line":4,"column":null}}}},"branchMap":{},"s":{"0":2,"1":2,"2":2,"3":7,"4":2},"f":{"0":7},"b":{}}
,"C:\\CodeRepos\\gericht-restaurant\\src\\components\\SpecialMenu\\SpecialMenu.tsx": {"path":"C:\\CodeRepos\\gericht-restaurant\\src\\components\\SpecialMenu\\SpecialMenu.tsx","statementMap":{"0":{"start":{"line":1,"column":0},"end":{"line":1,"column":50}},"1":{"start":{"line":2,"column":0},"end":{"line":2,"column":47}},"2":{"start":{"line":3,"column":0},"end":{"line":3,"column":44}},"3":{"start":{"line":4,"column":0},"end":{"line":4,"column":27}},"4":{"start":{"line":6,"column":20},"end":{"line":6,"column":null}},"5":{"start":{"line":6,"column":26},"end":{"line":53,"column":2}},"6":{"start":{"line":17,"column":43},"end":{"line":24,"column":12}},"7":{"start":{"line":35,"column":51},"end":{"line":42,"column":12}},"8":{"start":{"line":55,"column":0},"end":{"line":55,"column":27}}},"fnMap":{"0":{"name":"(anonymous_3)","decl":{"start":{"line":6,"column":20},"end":{"line":6,"column":26}},"loc":{"start":{"line":6,"column":20},"end":{"line":6,"column":null}}},"1":{"name":"(anonymous_4)","decl":{"start":{"line":17,"column":26},"end":{"line":17,"column":27}},"loc":{"start":{"line":17,"column":38},"end":{"line":17,"column":null}}},"2":{"name":"(anonymous_5)","decl":{"start":{"line":35,"column":30},"end":{"line":35,"column":31}},"loc":{"start":{"line":35,"column":46},"end":{"line":35,"column":null}}}},"branchMap":{},"s":{"0":1,"1":1,"2":1,"3":1,"4":1,"5":7,"6":35,"7":35,"8":1},"f":{"0":7,"1":35,"2":35},"b":{}}
,"C:\\CodeRepos\\gericht-restaurant\\src\\components\\SubHeading\\SubHeading.tsx": {"path":"C:\\CodeRepos\\gericht-restaurant\\src\\components\\SubHeading\\SubHeading.tsx","statementMap":{"0":{"start":{"line":2,"column":0},"end":{"line":2,"column":41}},"1":{"start":{"line":5,"column":46},"end":{"line":12,"column":1}},"2":{"start":{"line":5,"column":54},"end":{"line":5,"column":56}},"3":{"start":{"line":6,"column":2},"end":{"line":11,"column":4}},"4":{"start":{"line":14,"column":0},"end":{"line":14,"column":26}}},"fnMap":{"0":{"name":"(anonymous_2)","decl":{"start":{"line":5,"column":46},"end":{"line":5,"column":47}},"loc":{"start":{"line":5,"column":56},"end":{"line":12,"column":1}}}},"branchMap":{},"s":{"0":9,"1":9,"2":43,"3":43,"4":9},"f":{"0":43},"b":{}}
,"C:\\CodeRepos\\gericht-restaurant\\src\\constants\\data.tsx": {"path":"C:\\CodeRepos\\gericht-restaurant\\src\\constants\\data.tsx","statementMap":{"0":{"start":{"line":1,"column":0},"end":{"line":1,"column":30}},"1":{"start":{"line":3,"column":14},"end":{"line":29,"column":2}},"2":{"start":{"line":31,"column":18},"end":{"line":57,"column":2}},"3":{"start":{"line":59,"column":15},"end":{"line":80,"column":2}},"4":{"start":{"line":82,"column":0},"end":{"line":82,"column":44}}},"fnMap":{},"branchMap":{},"s":{"0":11,"1":11,"2":11,"3":11,"4":11},"f":{},"b":{}}
,"C:\\CodeRepos\\gericht-restaurant\\src\\constants\\images.tsx": {"path":"C:\\CodeRepos\\gericht-restaurant\\src\\constants\\images.tsx","statementMap":{"0":{"start":{"line":1,"column":0},"end":{"line":1,"column":34}},"1":{"start":{"line":2,"column":0},"end":{"line":2,"column":38}},"2":{"start":{"line":3,"column":0},"end":{"line":3,"column":32}},"3":{"start":{"line":4,"column":0},"end":{"line":4,"column":48}},"4":{"start":{"line":5,"column":0},"end":{"line":5,"column":48}},"5":{"start":{"line":6,"column":0},"end":{"line":6,"column":48}},"6":{"start":{"line":7,"column":0},"end":{"line":7,"column":48}},"7":{"start":{"line":8,"column":0},"end":{"line":8,"column":40}},"8":{"start":{"line":9,"column":0},"end":{"line":9,"column":38}},"9":{"start":{"line":10,"column":0},"end":{"line":10,"column":38}},"10":{"start":{"line":11,"column":0},"end":{"line":11,"column":48}},"11":{"start":{"line":12,"column":0},"end":{"line":12,"column":40}},"12":{"start":{"line":13,"column":0},"end":{"line":13,"column":44}},"13":{"start":{"line":14,"column":0},"end":{"line":14,"column":42}},"14":{"start":{"line":15,"column":0},"end":{"line":15,"column":44}},"15":{"start":{"line":16,"column":0},"end":{"line":16,"column":44}},"16":{"start":{"line":17,"column":0},"end":{"line":17,"column":44}},"17":{"start":{"line":18,"column":0},"end":{"line":18,"column":44}},"18":{"start":{"line":19,"column":0},"end":{"line":19,"column":44}},"19":{"start":{"line":20,"column":0},"end":{"line":20,"column":38}},"20":{"start":{"line":21,"column":0},"end":{"line":21,"column":40}},"21":{"start":{"line":22,"column":0},"end":{"line":22,"column":44}},"22":{"start":{"line":24,"column":0},"end":{"line":47,"column":2}}},"fnMap":{},"branchMap":{},"s":{"0":11,"1":11,"2":11,"3":11,"4":11,"5":11,"6":11,"7":11,"8":11,"9":11,"10":11,"11":11,"12":11,"13":11,"14":11,"15":11,"16":11,"17":11,"18":11,"19":11,"20":11,"21":11,"22":11},"f":{},"b":{}}
,"C:\\CodeRepos\\gericht-restaurant\\src\\constants\\index.tsx": {"path":"C:\\CodeRepos\\gericht-restaurant\\src\\constants\\index.tsx","statementMap":{"0":{"start":{"line":1,"column":0},"end":{"line":1,"column":7}},"1":{"start":{"line":5,"column":9},"end":{"line":1,"column":30}},"2":{"start":{"line":2,"column":0},"end":{"line":2,"column":7}},"3":{"start":{"line":5,"column":17},"end":{"line":2,"column":38}},"4":{"start":{"line":3,"column":0},"end":{"line":3,"column":7}},"5":{"start":{"line":5,"column":23},"end":{"line":3,"column":26}}},"fnMap":{},"branchMap":{},"s":{"0":11,"1":11,"2":11,"3":11,"4":11,"5":11},"f":{},"b":{}}
}
