TN:
SF:src\components\AboutUs\AboutUs.tsx
FN:4,(anonymous_2)
FNF:1
FNH:1
FNDA:7,(anonymous_2)
DA:1,1
DA:2,1
DA:4,1
DA:5,7
DA:50,1
LF:5
LH:5
BRF:0
BRH:0
end_of_record
TN:
SF:src\components\AwardCard\AwardCard.tsx
FN:4,(anonymous_2)
FNF:1
FNH:1
FNDA:24,(anonymous_2)
DA:4,2
DA:5,24
DA:6,24
DA:18,2
LF:4
LH:4
BRF:0
BRH:0
end_of_record
TN:
SF:src\components\Chef\Chef.tsx
FN:5,(anonymous_3)
FNF:1
FNH:1
FNDA:7,(anonymous_3)
DA:1,1
DA:2,1
DA:3,1
DA:5,7
DA:42,1
LF:5
LH:5
BRF:0
BRH:0
end_of_record
TN:
SF:src\components\FindUs\FindUs.tsx
FN:4,(anonymous_3)
FNF:1
FNH:1
FNDA:4,(anonymous_3)
DA:1,1
DA:2,1
DA:4,4
DA:43,1
LF:4
LH:4
BRF:0
BRH:0
end_of_record
TN:
SF:src\components\Footer\Footer.tsx
FN:7,(anonymous_3)
FNF:1
FNH:1
FNDA:3,(anonymous_3)
DA:1,1
DA:2,1
DA:3,1
DA:4,1
DA:5,1
DA:7,3
DA:54,1
LF:7
LH:7
BRF:0
BRH:0
end_of_record
TN:
SF:src\components\Footer\FooterOverlay.tsx
FN:3,(anonymous_2)
FNF:1
FNH:1
FNDA:5,(anonymous_2)
DA:1,2
DA:3,5
DA:16,2
LF:3
LH:3
BRF:0
BRH:0
end_of_record
TN:
SF:src\components\Gallery\Gallery.tsx
FN:12,(anonymous_3)
FN:15,(anonymous_4)
FN:48,(anonymous_5)
FN:61,(anonymous_6)
FN:66,(anonymous_7)
FNF:5
FNH:5
FNDA:6,(anonymous_3)
FNDA:2,(anonymous_4)
FNDA:24,(anonymous_5)
FNDA:1,(anonymous_6)
FNDA:1,(anonymous_7)
DA:1,1
DA:2,1
DA:8,1
DA:9,1
DA:10,1
DA:12,1
DA:13,6
DA:15,6
DA:16,2
DA:18,2
DA:19,1
DA:20,1
DA:21,1
DA:25,6
DA:48,24
DA:61,1
DA:66,1
DA:75,1
LF:18
LH:18
BRDA:18,0,0,1
BRDA:18,0,1,1
BRDA:18,1,0,2
BRDA:18,1,1,1
BRDA:20,2,0,1
BRF:5
BRH:5
end_of_record
TN:
SF:src\components\Header\Header.tsx
FN:5,(anonymous_3)
FNF:1
FNH:1
FNDA:4,(anonymous_3)
DA:1,1
DA:2,1
DA:3,1
DA:5,1
DA:6,4
DA:30,1
LF:6
LH:6
BRF:0
BRH:0
end_of_record
TN:
SF:src\components\Intro\Intro.tsx
FN:7,(anonymous_2)
FN:11,(anonymous_3)
FNF:2
FNH:2
FNDA:5,(anonymous_2)
FNDA:2,(anonymous_3)
DA:1,1
DA:2,1
DA:4,1
DA:5,1
DA:7,1
DA:8,5
DA:9,5
DA:11,5
DA:12,2
DA:13,2
DA:14,1
DA:15,1
DA:16,1
DA:20,5
DA:48,1
LF:15
LH:15
BRDA:13,0,0,1
BRDA:13,0,1,1
BRDA:13,1,0,2
BRDA:13,1,1,1
BRDA:15,2,0,1
BRDA:15,3,0,1
BRDA:15,3,1,1
BRDA:33,4,0,1
BRDA:33,4,1,4
BRDA:37,5,0,1
BRDA:37,5,1,4
BRF:11
BRH:11
end_of_record
TN:
SF:src\components\Laurels\Laurels.tsx
FN:6,(anonymous_3)
FN:13,(anonymous_4)
FNF:2
FNH:2
FNDA:5,(anonymous_3)
FNDA:20,(anonymous_4)
DA:1,1
DA:2,1
DA:3,1
DA:4,1
DA:6,5
DA:13,20
DA:25,1
LF:7
LH:7
BRF:0
BRH:0
end_of_record
TN:
SF:src\components\MenuItem\MenuItem.tsx
FN:5,(anonymous_2)
FNF:1
FNH:1
FNDA:74,(anonymous_2)
DA:1,2
DA:5,74
DA:27,2
LF:3
LH:3
BRF:0
BRH:0
end_of_record
TN:
SF:src\components\Newsletter\Newsletter.tsx
FN:4,(anonymous_3)
FNF:1
FNH:1
FNDA:7,(anonymous_3)
DA:1,2
DA:2,2
DA:4,7
DA:20,2
LF:4
LH:4
BRF:0
BRH:0
end_of_record
TN:
SF:src\components\SpecialMenu\SpecialMenu.tsx
FN:6,(anonymous_3)
FN:17,(anonymous_4)
FN:35,(anonymous_5)
FNF:3
FNH:3
FNDA:7,(anonymous_3)
FNDA:35,(anonymous_4)
FNDA:35,(anonymous_5)
DA:1,1
DA:2,1
DA:3,1
DA:4,1
DA:6,7
DA:17,35
DA:35,35
DA:55,1
LF:8
LH:8
BRF:0
BRH:0
end_of_record
TN:
SF:src\components\SubHeading\SubHeading.tsx
FN:5,(anonymous_2)
FNF:1
FNH:1
FNDA:43,(anonymous_2)
DA:2,9
DA:5,43
DA:6,43
DA:14,9
LF:4
LH:4
BRF:0
BRH:0
end_of_record
TN:
SF:src\constants\data.tsx
FNF:0
FNH:0
DA:1,11
DA:3,11
DA:31,11
DA:59,11
DA:82,11
LF:5
LH:5
BRF:0
BRH:0
end_of_record
TN:
SF:src\constants\images.tsx
FNF:0
FNH:0
DA:1,11
DA:2,11
DA:3,11
DA:4,11
DA:5,11
DA:6,11
DA:7,11
DA:8,11
DA:9,11
DA:10,11
DA:11,11
DA:12,11
DA:13,11
DA:14,11
DA:15,11
DA:16,11
DA:17,11
DA:18,11
DA:19,11
DA:20,11
DA:21,11
DA:22,11
DA:24,11
LF:23
LH:23
BRF:0
BRH:0
end_of_record
TN:
SF:src\constants\index.tsx
FNF:0
FNH:0
DA:1,11
DA:2,11
DA:3,11
DA:5,11
LF:4
LH:4
BRF:0
BRH:0
end_of_record
